#
# There is insufficient memory for the Java Runtime Environment to continue.
# Native memory allocation (malloc) failed to allocate 858368 bytes for Chunk::new
# Possible reasons:
#   The system is out of physical RAM or swap space
#   The process is running with CompressedOops enabled, and the Java Heap may be blocking the growth of the native heap
# Possible solutions:
#   Reduce memory load on the system
#   Increase physical memory or swap space
#   Check if swap backing store is full
#   Decrease Java heap size (-Xmx/-Xms)
#   Decrease number of Java threads
#   Decrease Java thread stack sizes (-Xss)
#   Set larger code cache with -XX:ReservedCodeCacheSize=
#   JVM is running with Unscaled Compressed Oops mode in which the Java heap is
#     placed in the first 4GB address space. The Java Heap base address is the
#     maximum limit for the native heap growth. Please use -XX:HeapBaseMinAddress
#     to set the Java Heap base and to place the Java Heap above 4GB virtual address.
# This output file may be truncated or incomplete.
#
#  Out of Memory Error (arena.cpp:189), pid=4044, tid=16052
#
# JRE version: Java(TM) SE Runtime Environment (17.0.5+9) (build 17.0.5+9-LTS-191)
# Java VM: Java HotSpot(TM) 64-Bit Server VM (17.0.5+9-LTS-191, mixed mode, sharing, tiered, compressed oops, compressed class ptrs, g1 gc, windows-amd64)
# No core dump will be written. Minidumps are not enabled by default on client versions of Windows
#

---------------  S U M M A R Y ------------

Command Line: -Dfile.encoding=UTF-8 -XX:+ShowCodeDetailsInExceptionMessages com.app.BookingManagementMicroserviceApplication

Host: 11th Gen Intel(R) Core(TM) i5-1135G7 @ 2.40GHz, 8 cores, 3G,  Windows 11 , 64 bit Build 22621 (10.0.22621.3958)
Time: Fri Aug 30 10:09:31 2024 India Standard Time elapsed time: 15.219916 seconds (0d 0h 0m 15s)

---------------  T H R E A D  ---------------

Current thread (0x000001ab809005a0):  JavaThread "C2 CompilerThread0" daemon [_thread_in_native, id=16052, stack(0x0000009276300000,0x0000009276400000)]


Current CompileTask:
C2:  15220 7335       4       sun.invoke.util.VerifyAccess::isClassAccessible (230 bytes)

Stack: [0x0000009276300000,0x0000009276400000]
Native frames: (J=compiled Java code, j=interpreted, Vv=VM code, C=native code)
V  [jvm.dll+0x672eea]
V  [jvm.dll+0x7d2a04]
V  [jvm.dll+0x7d41ae]
V  [jvm.dll+0x7d4813]
V  [jvm.dll+0x242c15]
V  [jvm.dll+0xaa57b]
V  [jvm.dll+0xaab0c]
V  [jvm.dll+0x35ff97]
V  [jvm.dll+0x32a631]
V  [jvm.dll+0x329ada]
V  [jvm.dll+0x215cc1]
V  [jvm.dll+0x2150e1]
V  [jvm.dll+0x1a18ed]
V  [jvm.dll+0x22493a]
V  [jvm.dll+0x222aa5]
V  [jvm.dll+0x7885db]
V  [jvm.dll+0x782b4a]
V  [jvm.dll+0x671d75]
C  [ucrtbase.dll+0x29333]
C  [KERNEL32.DLL+0x1257d]
C  [ntdll.dll+0x5af28]


---------------  P R O C E S S  ---------------

Threads class SMR info:
_java_thread_list=0x000001ab85da41e0, length=36, elements={
0x000001ab808dbf80, 0x000001ab808df1f0, 0x000001ab808ee0c0, 0x000001ab808eeb80,
0x000001ab808f4c10, 0x000001ab808ff160, 0x000001ab809005a0, 0x000001ab809016f0,
0x000001ab8090b7d0, 0x000001ab815e97d0, 0x000001ab815fd2c0, 0x000001ab842e3760,
0x000001ab842e3c30, 0x000001ab85c98970, 0x000001ab85c98e40, 0x000001ab860e1b80,
0x000001ab860dfea0, 0x000001ab860df500, 0x000001ab860e11e0, 0x000001ab860e2050,
0x000001ab860e29f0, 0x000001ab860e0840, 0x000001ab860df9d0, 0x000001ab860e2520,
0x000001ab860df030, 0x000001ab87f01470, 0x000001ab87f00fa0, 0x000001ab87f01940,
0x000001ab87f05ca0, 0x000001ab87f05300, 0x000001ab87f01e10, 0x000001ab87f057d0,
0x000001ab87f022e0, 0x000001ab87f027b0, 0x000001ab87f00600, 0x000001ab87eff2c0
}

Java Threads: ( => current thread )
  0x000001ab808dbf80 JavaThread "Reference Handler" daemon [_thread_blocked, id=8984, stack(0x0000009275d00000,0x0000009275e00000)]
  0x000001ab808df1f0 JavaThread "Finalizer" daemon [_thread_blocked, id=21280, stack(0x0000009275e00000,0x0000009275f00000)]
  0x000001ab808ee0c0 JavaThread "Signal Dispatcher" daemon [_thread_blocked, id=15264, stack(0x0000009275f00000,0x0000009276000000)]
  0x000001ab808eeb80 JavaThread "Attach Listener" daemon [_thread_blocked, id=12840, stack(0x0000009276000000,0x0000009276100000)]
  0x000001ab808f4c10 JavaThread "Service Thread" daemon [_thread_blocked, id=20380, stack(0x0000009276100000,0x0000009276200000)]
  0x000001ab808ff160 JavaThread "Monitor Deflation Thread" daemon [_thread_blocked, id=6732, stack(0x0000009276200000,0x0000009276300000)]
=>0x000001ab809005a0 JavaThread "C2 CompilerThread0" daemon [_thread_in_native, id=16052, stack(0x0000009276300000,0x0000009276400000)]
  0x000001ab809016f0 JavaThread "C1 CompilerThread0" daemon [_thread_blocked, id=11192, stack(0x0000009276400000,0x0000009276500000)]
  0x000001ab8090b7d0 JavaThread "Sweeper thread" daemon [_thread_blocked, id=14924, stack(0x0000009276500000,0x0000009276600000)]
  0x000001ab815e97d0 JavaThread "Notification Thread" daemon [_thread_blocked, id=10088, stack(0x0000009276600000,0x0000009276700000)]
  0x000001ab815fd2c0 JavaThread "Common-Cleaner" daemon [_thread_blocked, id=3948, stack(0x0000009276800000,0x0000009276900000)]
  0x000001ab842e3760 JavaThread "Catalina-utility-1" [_thread_blocked, id=5216, stack(0x0000009277300000,0x0000009277400000)]
  0x000001ab842e3c30 JavaThread "Catalina-utility-2" [_thread_blocked, id=21356, stack(0x0000009277400000,0x0000009277500000)]
  0x000001ab85c98970 JavaThread "container-0" [_thread_blocked, id=1612, stack(0x0000009277500000,0x0000009277600000)]
  0x000001ab85c98e40 JavaThread "mysql-cj-abandoned-connection-cleanup" daemon [_thread_blocked, id=14896, stack(0x0000009277600000,0x0000009277700000)]
  0x000001ab860e1b80 JavaThread "HikariPool-1 housekeeper" daemon [_thread_blocked, id=19100, stack(0x0000009277800000,0x0000009277900000)]
  0x000001ab860dfea0 JavaThread "File Watcher" daemon [_thread_blocked, id=16572, stack(0x0000009277a00000,0x0000009277b00000)]
  0x000001ab860df500 JavaThread "spring.cloud.inetutils" daemon [_thread_blocked, id=2852, stack(0x0000009277b00000,0x0000009277c00000)]
  0x000001ab860e11e0 JavaThread "spectator-gauge-polling-0" daemon [_thread_blocked, id=19236, stack(0x0000009277900000,0x0000009277a00000)]
  0x000001ab860e2050 JavaThread "AsyncResolver-bootstrap-%d" daemon [_thread_blocked, id=9468, stack(0x0000009277c00000,0x0000009277d00000)]
  0x000001ab860e29f0 JavaThread "DiscoveryClient-%d" daemon [_thread_blocked, id=9348, stack(0x0000009277d00000,0x0000009277e00000)]
  0x000001ab860e0840 JavaThread "DiscoveryClient-%d" daemon [_thread_blocked, id=16524, stack(0x0000009277e00000,0x0000009277f00000)]
  0x000001ab860df9d0 JavaThread "DiscoveryClient-InstanceInfoReplicator-%d" daemon [_thread_blocked, id=6716, stack(0x0000009277f00000,0x0000009278000000)]
  0x000001ab860e2520 JavaThread "http-nio-9095-exec-1" daemon [_thread_blocked, id=19048, stack(0x0000009278000000,0x0000009278100000)]
  0x000001ab860df030 JavaThread "http-nio-9095-exec-2" daemon [_thread_blocked, id=10640, stack(0x0000009278100000,0x0000009278200000)]
  0x000001ab87f01470 JavaThread "http-nio-9095-exec-3" daemon [_thread_blocked, id=19964, stack(0x0000009278200000,0x0000009278300000)]
  0x000001ab87f00fa0 JavaThread "http-nio-9095-exec-4" daemon [_thread_blocked, id=1392, stack(0x0000009278300000,0x0000009278400000)]
  0x000001ab87f01940 JavaThread "http-nio-9095-exec-5" daemon [_thread_blocked, id=7060, stack(0x0000009278400000,0x0000009278500000)]
  0x000001ab87f05ca0 JavaThread "http-nio-9095-exec-6" daemon [_thread_blocked, id=21052, stack(0x0000009278500000,0x0000009278600000)]
  0x000001ab87f05300 JavaThread "http-nio-9095-exec-7" daemon [_thread_blocked, id=3924, stack(0x0000009278600000,0x0000009278700000)]
  0x000001ab87f01e10 JavaThread "http-nio-9095-exec-8" daemon [_thread_blocked, id=17840, stack(0x0000009278700000,0x0000009278800000)]
  0x000001ab87f057d0 JavaThread "http-nio-9095-exec-9" daemon [_thread_blocked, id=8132, stack(0x0000009278800000,0x0000009278900000)]
  0x000001ab87f022e0 JavaThread "http-nio-9095-exec-10" daemon [_thread_blocked, id=8164, stack(0x0000009278900000,0x0000009278a00000)]
  0x000001ab87f027b0 JavaThread "http-nio-9095-Poller" daemon [_thread_in_native, id=2588, stack(0x0000009278a00000,0x0000009278b00000)]
  0x000001ab87f00600 JavaThread "http-nio-9095-Acceptor" daemon [_thread_in_native, id=14240, stack(0x0000009278b00000,0x0000009278c00000)]
  0x000001ab87eff2c0 JavaThread "DestroyJavaVM" [_thread_blocked, id=16896, stack(0x0000009275600000,0x0000009275700000)]

Other Threads:
  0x000001ab808d5e30 VMThread "VM Thread" [stack: 0x0000009275c00000,0x0000009275d00000] [id=8668]
  0x000001ab815edcb0 WatcherThread [stack: 0x0000009276700000,0x0000009276800000] [id=21340]
  0x000001abe3073f10 GCTaskThread "GC Thread#0" [stack: 0x0000009275700000,0x0000009275800000] [id=5740]
  0x000001ab82213240 GCTaskThread "GC Thread#1" [stack: 0x0000009276900000,0x0000009276a00000] [id=10176]
  0x000001ab822bde80 GCTaskThread "GC Thread#2" [stack: 0x0000009276a00000,0x0000009276b00000] [id=9536]
  0x000001ab822c2140 GCTaskThread "GC Thread#3" [stack: 0x0000009276b00000,0x0000009276c00000] [id=5208]
  0x000001ab822c23f0 GCTaskThread "GC Thread#4" [stack: 0x0000009276c00000,0x0000009276d00000] [id=8760]
  0x000001ab825e9160 GCTaskThread "GC Thread#5" [stack: 0x0000009276f00000,0x0000009277000000] [id=12740]
  0x000001ab8254db10 GCTaskThread "GC Thread#6" [stack: 0x0000009277100000,0x0000009277200000] [id=16008]
  0x000001ab8278e200 GCTaskThread "GC Thread#7" [stack: 0x0000009277200000,0x0000009277300000] [id=17576]
  0x000001abe307c4e0 ConcurrentGCThread "G1 Main Marker" [stack: 0x0000009275800000,0x0000009275900000] [id=12556]
  0x000001abe307d5a0 ConcurrentGCThread "G1 Conc#0" [stack: 0x0000009275900000,0x0000009275a00000] [id=14472]
  0x000001ab845557a0 ConcurrentGCThread "G1 Conc#1" [stack: 0x0000009277000000,0x0000009277100000] [id=10184]
  0x000001abe30df8d0 ConcurrentGCThread "G1 Refine#0" [stack: 0x0000009275a00000,0x0000009275b00000] [id=9840]
  0x000001ab807a1300 ConcurrentGCThread "G1 Service" [stack: 0x0000009275b00000,0x0000009275c00000] [id=12836]

Threads with active compile tasks:
C2 CompilerThread0    15255 7335       4       sun.invoke.util.VerifyAccess::isClassAccessible (230 bytes)

VM state: not at safepoint (normal execution)

VM Mutex/Monitor currently owned by a thread: None

Heap address: 0x00000000c4400000, size: 956 MB, Compressed Oops mode: 32-bit

CDS archive(s) mapped at: [0x0000000800000000-0x0000000800bd0000-0x0000000800bd0000), size 12386304, SharedBaseAddress: 0x0000000800000000, ArchiveRelocationMode: 0.
Compressed class space mapped at: 0x0000000800c00000-0x0000000840c00000, reserved size: 1073741824
Narrow klass base: 0x0000000800000000, Narrow klass shift: 0, Narrow klass range: 0x100000000

GC Precious Log:
 CPUs: 8 total, 8 available
 Memory: 3818M
 Large Page Support: Disabled
 NUMA Support: Disabled
 Compressed Oops: Enabled (32-bit)
 Heap Region Size: 1M
 Heap Min Capacity: 8M
 Heap Initial Capacity: 60M
 Heap Max Capacity: 956M
 Pre-touch: Disabled
 Parallel Workers: 8
 Concurrent Workers: 2
 Concurrent Refinement Workers: 8
 Periodic GC: Disabled

Heap:
 garbage-first heap   total 81920K, used 50875K [0x00000000c4400000, 0x0000000100000000)
  region size 1024K, 6 young (6144K), 1 survivors (1024K)
 Metaspace       used 80836K, committed 81408K, reserved 1122304K
  class space    used 11234K, committed 11456K, reserved 1048576K

Heap Regions: E=young(eden), S=young(survivor), O=old, HS=humongous(starts), HC=humongous(continues), CS=collection set, F=free, OA=open archive, CA=closed archive, TAMS=top-at-mark-start (previous, next)
|   0|0x00000000c4400000, 0x00000000c4500000, 0x00000000c4500000|100%|HS|  |TAMS 0x00000000c4500000, 0x00000000c4400000| Complete 
|   1|0x00000000c4500000, 0x00000000c4600000, 0x00000000c4600000|100%| O|  |TAMS 0x00000000c4600000, 0x00000000c4500000| Untracked 
|   2|0x00000000c4600000, 0x00000000c4700000, 0x00000000c4700000|100%|HS|  |TAMS 0x00000000c4700000, 0x00000000c4600000| Complete 
|   3|0x00000000c4700000, 0x00000000c4800000, 0x00000000c4800000|100%| O|  |TAMS 0x00000000c4800000, 0x00000000c4700000| Untracked 
|   4|0x00000000c4800000, 0x00000000c4900000, 0x00000000c4900000|100%| O|  |TAMS 0x00000000c4900000, 0x00000000c4800000| Untracked 
|   5|0x00000000c4900000, 0x00000000c4a00000, 0x00000000c4a00000|100%| O|  |TAMS 0x00000000c4a00000, 0x00000000c4900000| Untracked 
|   6|0x00000000c4a00000, 0x00000000c4b00000, 0x00000000c4b00000|100%| O|  |TAMS 0x00000000c4b00000, 0x00000000c4a00000| Untracked 
|   7|0x00000000c4b00000, 0x00000000c4c00000, 0x00000000c4c00000|100%| O|  |TAMS 0x00000000c4c00000, 0x00000000c4b00000| Untracked 
|   8|0x00000000c4c00000, 0x00000000c4d00000, 0x00000000c4d00000|100%| O|  |TAMS 0x00000000c4d00000, 0x00000000c4c00000| Untracked 
|   9|0x00000000c4d00000, 0x00000000c4e00000, 0x00000000c4e00000|100%| O|  |TAMS 0x00000000c4e00000, 0x00000000c4d00000| Untracked 
|  10|0x00000000c4e00000, 0x00000000c4f00000, 0x00000000c4f00000|100%| O|  |TAMS 0x00000000c4f00000, 0x00000000c4e00000| Untracked 
|  11|0x00000000c4f00000, 0x00000000c5000000, 0x00000000c5000000|100%| O|  |TAMS 0x00000000c5000000, 0x00000000c4f00000| Untracked 
|  12|0x00000000c5000000, 0x00000000c5100000, 0x00000000c5100000|100%| O|  |TAMS 0x00000000c5100000, 0x00000000c5000000| Untracked 
|  13|0x00000000c5100000, 0x00000000c5100000, 0x00000000c5200000|  0%| F|  |TAMS 0x00000000c5100000, 0x00000000c5100000| Untracked 
|  14|0x00000000c5200000, 0x00000000c5300000, 0x00000000c5300000|100%| O|  |TAMS 0x00000000c5300000, 0x00000000c5200000| Untracked 
|  15|0x00000000c5300000, 0x00000000c5400000, 0x00000000c5400000|100%| O|  |TAMS 0x00000000c5400000, 0x00000000c5300000| Untracked 
|  16|0x00000000c5400000, 0x00000000c5500000, 0x00000000c5500000|100%| O|  |TAMS 0x00000000c5500000, 0x00000000c5400000| Untracked 
|  17|0x00000000c5500000, 0x00000000c5600000, 0x00000000c5600000|100%| O|  |TAMS 0x00000000c5600000, 0x00000000c5500000| Untracked 
|  18|0x00000000c5600000, 0x00000000c5700000, 0x00000000c5700000|100%| O|  |TAMS 0x00000000c5700000, 0x00000000c5600000| Untracked 
|  19|0x00000000c5700000, 0x00000000c5800000, 0x00000000c5800000|100%| O|  |TAMS 0x00000000c5800000, 0x00000000c5700000| Untracked 
|  20|0x00000000c5800000, 0x00000000c5900000, 0x00000000c5900000|100%| O|  |TAMS 0x00000000c5900000, 0x00000000c5800000| Untracked 
|  21|0x00000000c5900000, 0x00000000c5a00000, 0x00000000c5a00000|100%| O|  |TAMS 0x00000000c5a00000, 0x00000000c5900000| Untracked 
|  22|0x00000000c5a00000, 0x00000000c5b00000, 0x00000000c5b00000|100%| O|  |TAMS 0x00000000c5b00000, 0x00000000c5a00000| Untracked 
|  23|0x00000000c5b00000, 0x00000000c5c00000, 0x00000000c5c00000|100%| O|  |TAMS 0x00000000c5c00000, 0x00000000c5b00000| Untracked 
|  24|0x00000000c5c00000, 0x00000000c5d00000, 0x00000000c5d00000|100%| O|  |TAMS 0x00000000c5d00000, 0x00000000c5c00000| Untracked 
|  25|0x00000000c5d00000, 0x00000000c5e00000, 0x00000000c5e00000|100%| O|  |TAMS 0x00000000c5e00000, 0x00000000c5d00000| Untracked 
|  26|0x00000000c5e00000, 0x00000000c5f00000, 0x00000000c5f00000|100%| O|  |TAMS 0x00000000c5f00000, 0x00000000c5e00000| Untracked 
|  27|0x00000000c5f00000, 0x00000000c6000000, 0x00000000c6000000|100%| O|  |TAMS 0x00000000c6000000, 0x00000000c5f00000| Untracked 
|  28|0x00000000c6000000, 0x00000000c6100000, 0x00000000c6100000|100%| O|  |TAMS 0x00000000c6100000, 0x00000000c6000000| Untracked 
|  29|0x00000000c6100000, 0x00000000c6200000, 0x00000000c6200000|100%| O|  |TAMS 0x00000000c6200000, 0x00000000c6100000| Untracked 
|  30|0x00000000c6200000, 0x00000000c6300000, 0x00000000c6300000|100%| O|  |TAMS 0x00000000c6300000, 0x00000000c6200000| Untracked 
|  31|0x00000000c6300000, 0x00000000c6400000, 0x00000000c6400000|100%| O|  |TAMS 0x00000000c6400000, 0x00000000c6300000| Untracked 
|  32|0x00000000c6400000, 0x00000000c6500000, 0x00000000c6500000|100%| O|  |TAMS 0x00000000c6500000, 0x00000000c6400000| Untracked 
|  33|0x00000000c6500000, 0x00000000c6600000, 0x00000000c6600000|100%| O|  |TAMS 0x00000000c6600000, 0x00000000c6500000| Untracked 
|  34|0x00000000c6600000, 0x00000000c6700000, 0x00000000c6700000|100%| O|  |TAMS 0x00000000c6700000, 0x00000000c6600000| Untracked 
|  35|0x00000000c6700000, 0x00000000c6800000, 0x00000000c6800000|100%| O|  |TAMS 0x00000000c6800000, 0x00000000c6700000| Untracked 
|  36|0x00000000c6800000, 0x00000000c6900000, 0x00000000c6900000|100%| O|  |TAMS 0x00000000c6900000, 0x00000000c6800000| Untracked 
|  37|0x00000000c6900000, 0x00000000c6a00000, 0x00000000c6a00000|100%| O|  |TAMS 0x00000000c6a00000, 0x00000000c6900000| Untracked 
|  38|0x00000000c6a00000, 0x00000000c6b00000, 0x00000000c6b00000|100%| O|  |TAMS 0x00000000c6b00000, 0x00000000c6a00000| Untracked 
|  39|0x00000000c6b00000, 0x00000000c6c00000, 0x00000000c6c00000|100%| O|  |TAMS 0x00000000c6c00000, 0x00000000c6b00000| Untracked 
|  40|0x00000000c6c00000, 0x00000000c6d00000, 0x00000000c6d00000|100%| O|  |TAMS 0x00000000c6cf0000, 0x00000000c6c00000| Untracked 
|  41|0x00000000c6d00000, 0x00000000c6e00000, 0x00000000c6e00000|100%| O|  |TAMS 0x00000000c6d00000, 0x00000000c6d00000| Untracked 
|  42|0x00000000c6e00000, 0x00000000c6f00000, 0x00000000c6f00000|100%| O|  |TAMS 0x00000000c6e00000, 0x00000000c6e00000| Untracked 
|  43|0x00000000c6f00000, 0x00000000c7000000, 0x00000000c7000000|100%| O|  |TAMS 0x00000000c6f00000, 0x00000000c6f00000| Untracked 
|  44|0x00000000c7000000, 0x00000000c7100000, 0x00000000c7100000|100%| O|  |TAMS 0x00000000c7000000, 0x00000000c7000000| Untracked 
|  45|0x00000000c7100000, 0x00000000c7200000, 0x00000000c7200000|100%| O|  |TAMS 0x00000000c7100000, 0x00000000c7100000| Untracked 
|  46|0x00000000c7200000, 0x00000000c7259600, 0x00000000c7300000| 34%| O|  |TAMS 0x00000000c7200000, 0x00000000c7200000| Untracked 
|  47|0x00000000c7300000, 0x00000000c7300000, 0x00000000c7400000|  0%| F|  |TAMS 0x00000000c7300000, 0x00000000c7300000| Untracked 
|  48|0x00000000c7400000, 0x00000000c7400000, 0x00000000c7500000|  0%| F|  |TAMS 0x00000000c7400000, 0x00000000c7400000| Untracked 
|  49|0x00000000c7500000, 0x00000000c7500000, 0x00000000c7600000|  0%| F|  |TAMS 0x00000000c7500000, 0x00000000c7500000| Untracked 
|  50|0x00000000c7600000, 0x00000000c7600000, 0x00000000c7700000|  0%| F|  |TAMS 0x00000000c7600000, 0x00000000c7600000| Untracked 
|  51|0x00000000c7700000, 0x00000000c7700000, 0x00000000c7800000|  0%| F|  |TAMS 0x00000000c7700000, 0x00000000c7700000| Untracked 
|  52|0x00000000c7800000, 0x00000000c7800000, 0x00000000c7900000|  0%| F|  |TAMS 0x00000000c7800000, 0x00000000c7800000| Untracked 
|  53|0x00000000c7900000, 0x00000000c7900000, 0x00000000c7a00000|  0%| F|  |TAMS 0x00000000c7900000, 0x00000000c7900000| Untracked 
|  54|0x00000000c7a00000, 0x00000000c7a00000, 0x00000000c7b00000|  0%| F|  |TAMS 0x00000000c7a00000, 0x00000000c7a00000| Untracked 
|  55|0x00000000c7b00000, 0x00000000c7b00000, 0x00000000c7c00000|  0%| F|  |TAMS 0x00000000c7b00000, 0x00000000c7b00000| Untracked 
|  56|0x00000000c7c00000, 0x00000000c7c00000, 0x00000000c7d00000|  0%| F|  |TAMS 0x00000000c7c00000, 0x00000000c7c00000| Untracked 
|  57|0x00000000c7d00000, 0x00000000c7d00000, 0x00000000c7e00000|  0%| F|  |TAMS 0x00000000c7d00000, 0x00000000c7d00000| Untracked 
|  58|0x00000000c7e00000, 0x00000000c7e00000, 0x00000000c7f00000|  0%| F|  |TAMS 0x00000000c7e00000, 0x00000000c7e00000| Untracked 
|  59|0x00000000c7f00000, 0x00000000c7f00000, 0x00000000c8000000|  0%| F|  |TAMS 0x00000000c7f00000, 0x00000000c7f00000| Untracked 
|  60|0x00000000c8000000, 0x00000000c8000000, 0x00000000c8100000|  0%| F|  |TAMS 0x00000000c8000000, 0x00000000c8000000| Untracked 
|  61|0x00000000c8100000, 0x00000000c8100000, 0x00000000c8200000|  0%| F|  |TAMS 0x00000000c8100000, 0x00000000c8100000| Untracked 
|  62|0x00000000c8200000, 0x00000000c8200000, 0x00000000c8300000|  0%| F|  |TAMS 0x00000000c8200000, 0x00000000c8200000| Untracked 
|  63|0x00000000c8300000, 0x00000000c8300000, 0x00000000c8400000|  0%| F|  |TAMS 0x00000000c8300000, 0x00000000c8300000| Untracked 
|  64|0x00000000c8400000, 0x00000000c8400000, 0x00000000c8500000|  0%| F|  |TAMS 0x00000000c8400000, 0x00000000c8400000| Untracked 
|  65|0x00000000c8500000, 0x00000000c8500000, 0x00000000c8600000|  0%| F|  |TAMS 0x00000000c8500000, 0x00000000c8500000| Untracked 
|  66|0x00000000c8600000, 0x00000000c8600000, 0x00000000c8700000|  0%| F|  |TAMS 0x00000000c8600000, 0x00000000c8600000| Untracked 
|  67|0x00000000c8700000, 0x00000000c8700000, 0x00000000c8800000|  0%| F|  |TAMS 0x00000000c8700000, 0x00000000c8700000| Untracked 
|  68|0x00000000c8800000, 0x00000000c8800000, 0x00000000c8900000|  0%| F|  |TAMS 0x00000000c8800000, 0x00000000c8800000| Untracked 
|  69|0x00000000c8900000, 0x00000000c8900000, 0x00000000c8a00000|  0%| F|  |TAMS 0x00000000c8900000, 0x00000000c8900000| Untracked 
|  70|0x00000000c8a00000, 0x00000000c8a00000, 0x00000000c8b00000|  0%| F|  |TAMS 0x00000000c8a00000, 0x00000000c8a00000| Untracked 
|  71|0x00000000c8b00000, 0x00000000c8b00000, 0x00000000c8c00000|  0%| F|  |TAMS 0x00000000c8b00000, 0x00000000c8b00000| Untracked 
|  72|0x00000000c8c00000, 0x00000000c8c00000, 0x00000000c8d00000|  0%| F|  |TAMS 0x00000000c8c00000, 0x00000000c8c00000| Untracked 
|  73|0x00000000c8d00000, 0x00000000c8d00000, 0x00000000c8e00000|  0%| F|  |TAMS 0x00000000c8d00000, 0x00000000c8d00000| Untracked 
|  74|0x00000000c8e00000, 0x00000000c8e2f5e0, 0x00000000c8f00000| 18%| E|  |TAMS 0x00000000c8e00000, 0x00000000c8e00000| Complete 
|  75|0x00000000c8f00000, 0x00000000c9000000, 0x00000000c9000000|100%| E|CS|TAMS 0x00000000c8f00000, 0x00000000c8f00000| Complete 
|  76|0x00000000c9000000, 0x00000000c9100000, 0x00000000c9100000|100%| E|CS|TAMS 0x00000000c9000000, 0x00000000c9000000| Complete 
|  77|0x00000000c9100000, 0x00000000c9155770, 0x00000000c9200000| 33%| S|CS|TAMS 0x00000000c9100000, 0x00000000c9100000| Complete 
|  78|0x00000000c9200000, 0x00000000c9300000, 0x00000000c9300000|100%| E|CS|TAMS 0x00000000c9200000, 0x00000000c9200000| Complete 
|  79|0x00000000c9300000, 0x00000000c9400000, 0x00000000c9400000|100%| E|CS|TAMS 0x00000000c9300000, 0x00000000c9300000| Complete 

Card table byte_map: [0x000001abfbcc0000,0x000001abfbea0000] _byte_map_base: 0x000001abfb69e000

Marking Bits (Prev, Next): (CMBitMap*) 0x000001abe3074430, (CMBitMap*) 0x000001abe3074470
 Prev Bits: [0x000001abfc080000, 0x000001abfcf70000)
 Next Bits: [0x000001abfcf70000, 0x000001abfde60000)

Polling page: 0x000001abe30f0000

Metaspace:

Usage:
  Non-class:     67.97 MB used.
      Class:     10.97 MB used.
       Both:     78.94 MB used.

Virtual space:
  Non-class space:       72.00 MB reserved,      68.31 MB ( 95%) committed,  9 nodes.
      Class space:        1.00 GB reserved,      11.19 MB (  1%) committed,  1 nodes.
             Both:        1.07 GB reserved,      79.50 MB (  7%) committed. 

Chunk freelists:
   Non-Class:  3.53 MB
       Class:  832.00 KB
        Both:  4.34 MB

MaxMetaspaceSize: unlimited
CompressedClassSpaceSize: 1.00 GB
Initial GC threshold: 21.00 MB
Current GC threshold: 126.06 MB
CDS: on
MetaspaceReclaimPolicy: balanced
 - commit_granule_bytes: 65536.
 - commit_granule_words: 8192.
 - virtual_space_node_default_size: 1048576.
 - enlarge_chunks_in_place: 1.
 - new_chunks_are_fully_committed: 0.
 - uncommit_free_chunks: 1.
 - use_allocation_guard: 0.
 - handle_deallocations: 1.


Internal statistics:

num_allocs_failed_limit: 9.
num_arena_births: 762.
num_arena_deaths: 0.
num_vsnodes_births: 10.
num_vsnodes_deaths: 0.
num_space_committed: 1272.
num_space_uncommitted: 0.
num_chunks_returned_to_freelist: 9.
num_chunks_taken_from_freelist: 3578.
num_chunk_merges: 9.
num_chunk_splits: 2657.
num_chunks_enlarged: 2117.
num_purges: 0.
num_inconsistent_stats: 0.

CodeHeap 'non-profiled nmethods': size=120000Kb used=3846Kb max_used=3846Kb free=116153Kb
 bounds [0x000001abf3b30000, 0x000001abf3f00000, 0x000001abfb060000]
CodeHeap 'profiled nmethods': size=120000Kb used=11757Kb max_used=11757Kb free=108242Kb
 bounds [0x000001abec600000, 0x000001abed180000, 0x000001abf3b30000]
CodeHeap 'non-nmethods': size=5760Kb used=1382Kb max_used=1421Kb free=4377Kb
 bounds [0x000001abec060000, 0x000001abec2d0000, 0x000001abec600000]
 total_blobs=7125 nmethods=6422 adapters=613
 compilation: enabled
              stopped_count=0, restarted_count=0
 full_count=0

Compilation events (20 events):
Event: 14.143 Thread 0x000001ab809005a0 nmethod 6320 0x000001abf3eefc10 code [0x000001abf3eefda0, 0x000001abf3eefe48]
Event: 14.143 Thread 0x000001ab809005a0 6587       4       org.springframework.core.BridgeMethodResolver$$Lambda$600/0x0000000800fd8c58::doWith (11 bytes)
Event: 14.143 Thread 0x000001ab809005a0 nmethod 6587 0x000001abf3eeff10 code [0x000001abf3ef0080, 0x000001abf3ef0118]
Event: 14.143 Thread 0x000001ab809005a0 6773       4       java.util.Collections$SynchronizedCollection::stream (10 bytes)
Event: 14.143 Thread 0x000001ab809005a0 nmethod 6773 0x000001abf3ef0210 code [0x000001abf3ef0380, 0x000001abf3ef0418]
Event: 14.143 Thread 0x000001ab809005a0 6882       4       org.springframework.core.annotation.AnnotationsProcessor::finish (2 bytes)
Event: 14.143 Thread 0x000001ab809005a0 nmethod 6882 0x000001abf3ef0510 code [0x000001abf3ef0680, 0x000001abf3ef06f8]
Event: 14.143 Thread 0x000001ab809005a0 6844       4       java.lang.ProcessEnvironment$CheckedKeySet::isEmpty (10 bytes)
Event: 14.143 Thread 0x000001ab809005a0 nmethod 6844 0x000001abf3ef0810 code [0x000001abf3ef0980, 0x000001abf3ef0a18]
Event: 14.143 Thread 0x000001ab809005a0 6845       4       java.lang.ProcessEnvironment$CheckedKeySet::size (10 bytes)
Event: 14.144 Thread 0x000001ab809005a0 nmethod 6845 0x000001abf3ef0b10 code [0x000001abf3ef0c80, 0x000001abf3ef0d18]
Event: 14.144 Thread 0x000001ab809005a0 6851       4       java.lang.ProcessEnvironment$CheckedKeySet::iterator (10 bytes)
Event: 14.144 Thread 0x000001ab809005a0 nmethod 6851 0x000001abf3ef0e10 code [0x000001abf3ef0f80, 0x000001abf3ef1018]
Event: 14.703 Thread 0x000001ab809016f0 7332       3       java.lang.Long::hashCode (8 bytes)
Event: 14.704 Thread 0x000001ab809016f0 nmethod 7332 0x000001abed17aa10 code [0x000001abed17aba0, 0x000001abed17ac98]
Event: 14.704 Thread 0x000001ab809016f0 7333       3       java.io.File::isFile (34 bytes)
Event: 14.704 Thread 0x000001ab809005a0 7334       4       java.lang.String::substring (10 bytes)
Event: 14.704 Thread 0x000001ab809016f0 nmethod 7333 0x000001abed17ad10 code [0x000001abed17af00, 0x000001abed17b448]
Event: 14.707 Thread 0x000001ab809005a0 nmethod 7334 0x000001abf3ef1110 code [0x000001abf3ef12a0, 0x000001abf3ef17b8]
Event: 15.178 Thread 0x000001ab809005a0 7335       4       sun.invoke.util.VerifyAccess::isClassAccessible (230 bytes)

GC Heap History (20 events):
Event: 7.969 GC heap before
{Heap before GC invocations=15 (full 0):
 garbage-first heap   total 73728K, used 56655K [0x00000000c4400000, 0x0000000100000000)
  region size 1024K, 28 young (28672K), 4 survivors (4096K)
 Metaspace       used 56900K, committed 57344K, reserved 1105920K
  class space    used 7623K, committed 7808K, reserved 1048576K
}
Event: 7.973 GC heap after
{Heap after GC invocations=16 (full 0):
 garbage-first heap   total 73728K, used 34103K [0x00000000c4400000, 0x0000000100000000)
  region size 1024K, 4 young (4096K), 4 survivors (4096K)
 Metaspace       used 56900K, committed 57344K, reserved 1105920K
  class space    used 7623K, committed 7808K, reserved 1048576K
}
Event: 8.444 GC heap before
{Heap before GC invocations=16 (full 0):
 garbage-first heap   total 73728K, used 47415K [0x00000000c4400000, 0x0000000100000000)
  region size 1024K, 18 young (18432K), 4 survivors (4096K)
 Metaspace       used 60021K, committed 60480K, reserved 1105920K
  class space    used 8142K, committed 8384K, reserved 1048576K
}
Event: 8.448 GC heap after
{Heap after GC invocations=17 (full 0):
 garbage-first heap   total 73728K, used 34813K [0x00000000c4400000, 0x0000000100000000)
  region size 1024K, 2 young (2048K), 2 survivors (2048K)
 Metaspace       used 60021K, committed 60480K, reserved 1105920K
  class space    used 8142K, committed 8384K, reserved 1048576K
}
Event: 9.265 GC heap before
{Heap before GC invocations=18 (full 0):
 garbage-first heap   total 73728K, used 59389K [0x00000000c4400000, 0x0000000100000000)
  region size 1024K, 26 young (26624K), 2 survivors (2048K)
 Metaspace       used 64381K, committed 64896K, reserved 1105920K
  class space    used 8757K, committed 9024K, reserved 1048576K
}
Event: 9.271 GC heap after
{Heap after GC invocations=19 (full 0):
 garbage-first heap   total 73728K, used 36572K [0x00000000c4400000, 0x0000000100000000)
  region size 1024K, 4 young (4096K), 4 survivors (4096K)
 Metaspace       used 64381K, committed 64896K, reserved 1105920K
  class space    used 8757K, committed 9024K, reserved 1048576K
}
Event: 9.762 GC heap before
{Heap before GC invocations=19 (full 0):
 garbage-first heap   total 73728K, used 59100K [0x00000000c4400000, 0x0000000100000000)
  region size 1024K, 26 young (26624K), 4 survivors (4096K)
 Metaspace       used 67432K, committed 67968K, reserved 1114112K
  class space    used 9406K, committed 9664K, reserved 1048576K
}
Event: 9.774 GC heap after
{Heap after GC invocations=20 (full 0):
 garbage-first heap   total 73728K, used 38465K [0x00000000c4400000, 0x0000000100000000)
  region size 1024K, 4 young (4096K), 4 survivors (4096K)
 Metaspace       used 67432K, committed 67968K, reserved 1114112K
  class space    used 9406K, committed 9664K, reserved 1048576K
}
Event: 11.041 GC heap before
{Heap before GC invocations=21 (full 0):
 garbage-first heap   total 73728K, used 58945K [0x00000000c4400000, 0x0000000100000000)
  region size 1024K, 25 young (25600K), 4 survivors (4096K)
 Metaspace       used 70717K, committed 71296K, reserved 1114112K
  class space    used 9861K, committed 10112K, reserved 1048576K
}
Event: 11.046 GC heap after
{Heap after GC invocations=22 (full 0):
 garbage-first heap   total 73728K, used 40254K [0x00000000c4400000, 0x0000000100000000)
  region size 1024K, 4 young (4096K), 4 survivors (4096K)
 Metaspace       used 70717K, committed 71296K, reserved 1114112K
  class space    used 9861K, committed 10112K, reserved 1048576K
}
Event: 11.752 GC heap before
{Heap before GC invocations=22 (full 0):
 garbage-first heap   total 73728K, used 59710K [0x00000000c4400000, 0x0000000100000000)
  region size 1024K, 23 young (23552K), 4 survivors (4096K)
 Metaspace       used 73279K, committed 73856K, reserved 1114112K
  class space    used 10185K, committed 10432K, reserved 1048576K
}
Event: 11.759 GC heap after
{Heap after GC invocations=23 (full 0):
 garbage-first heap   total 73728K, used 42047K [0x00000000c4400000, 0x0000000100000000)
  region size 1024K, 3 young (3072K), 3 survivors (3072K)
 Metaspace       used 73279K, committed 73856K, reserved 1114112K
  class space    used 10185K, committed 10432K, reserved 1048576K
}
Event: 12.513 GC heap before
{Heap before GC invocations=24 (full 0):
 garbage-first heap   total 73728K, used 59455K [0x00000000c4400000, 0x0000000100000000)
  region size 1024K, 20 young (20480K), 3 survivors (3072K)
 Metaspace       used 74870K, committed 75392K, reserved 1122304K
  class space    used 10406K, committed 10624K, reserved 1048576K
}
Event: 12.519 GC heap after
{Heap after GC invocations=25 (full 0):
 garbage-first heap   total 73728K, used 43649K [0x00000000c4400000, 0x0000000100000000)
  region size 1024K, 2 young (2048K), 2 survivors (2048K)
 Metaspace       used 74870K, committed 75392K, reserved 1122304K
  class space    used 10406K, committed 10624K, reserved 1048576K
}
Event: 12.898 GC heap before
{Heap before GC invocations=25 (full 0):
 garbage-first heap   total 73728K, used 60033K [0x00000000c4400000, 0x0000000100000000)
  region size 1024K, 18 young (18432K), 2 survivors (2048K)
 Metaspace       used 76503K, committed 77120K, reserved 1122304K
  class space    used 10619K, committed 10944K, reserved 1048576K
}
Event: 12.904 GC heap after
{Heap after GC invocations=26 (full 0):
 garbage-first heap   total 73728K, used 46081K [0x00000000c4400000, 0x0000000100000000)
  region size 1024K, 3 young (3072K), 3 survivors (3072K)
 Metaspace       used 76503K, committed 77120K, reserved 1122304K
  class space    used 10619K, committed 10944K, reserved 1048576K
}
Event: 13.755 GC heap before
{Heap before GC invocations=27 (full 0):
 garbage-first heap   total 81920K, used 59393K [0x00000000c4400000, 0x0000000100000000)
  region size 1024K, 16 young (16384K), 3 survivors (3072K)
 Metaspace       used 79574K, committed 80192K, reserved 1122304K
  class space    used 11076K, committed 11392K, reserved 1048576K
}
Event: 13.759 GC heap after
{Heap after GC invocations=28 (full 0):
 garbage-first heap   total 81920K, used 47187K [0x00000000c4400000, 0x0000000100000000)
  region size 1024K, 2 young (2048K), 2 survivors (2048K)
 Metaspace       used 79574K, committed 80192K, reserved 1122304K
  class space    used 11076K, committed 11392K, reserved 1048576K
}
Event: 13.824 GC heap before
{Heap before GC invocations=28 (full 0):
 garbage-first heap   total 81920K, used 49235K [0x00000000c4400000, 0x0000000100000000)
  region size 1024K, 4 young (4096K), 2 survivors (2048K)
 Metaspace       used 80070K, committed 80640K, reserved 1122304K
  class space    used 11133K, committed 11392K, reserved 1048576K
}
Event: 13.826 GC heap after
{Heap after GC invocations=29 (full 0):
 garbage-first heap   total 81920K, used 46779K [0x00000000c4400000, 0x0000000100000000)
  region size 1024K, 1 young (1024K), 1 survivors (1024K)
 Metaspace       used 80070K, committed 80640K, reserved 1122304K
  class space    used 11133K, committed 11392K, reserved 1048576K
}

Deoptimization events (20 events):
Event: 13.788 Thread 0x000001ab81decac0 Uncommon trap: trap_request=0xffffffde fr.pc=0x000001abf3d4a928 relative=0x0000000000001b48
Event: 13.788 Thread 0x000001ab81decac0 Uncommon trap: reason=class_check action=maybe_recompile pc=0x000001abf3d4a928 method=java.util.zip.InflaterInputStream.read([BII)I @ 100 c2
Event: 13.788 Thread 0x000001ab81decac0 DEOPT PACKING pc=0x000001abf3d4a928 sp=0x0000009276efa330
Event: 13.788 Thread 0x000001ab81decac0 DEOPT UNPACKING pc=0x000001abec0b5ba3 sp=0x0000009276efa380 mode 2
Event: 13.811 Thread 0x000001ab81decac0 DEOPT PACKING pc=0x000001abed08ed4c sp=0x0000009276efce70
Event: 13.811 Thread 0x000001ab81decac0 DEOPT UNPACKING pc=0x000001abec0b66e3 sp=0x0000009276efc308 mode 0
Event: 13.815 Thread 0x000001ab81decac0 Uncommon trap: trap_request=0xffffff76 fr.pc=0x000001abf3ebea9c relative=0x00000000000038dc
Event: 13.815 Thread 0x000001ab81decac0 Uncommon trap: reason=predicate action=maybe_recompile pc=0x000001abf3ebea9c method=org.springframework.core.annotation.AnnotationsScanner.processClassInheritedAnnotations(Ljava/lang/Object;Ljava/lang/Class;Lorg/springframework/core/annotation/MergedAnnot
Event: 13.815 Thread 0x000001ab81decac0 DEOPT PACKING pc=0x000001abf3ebea9c sp=0x0000009276efc4c0
Event: 13.815 Thread 0x000001ab81decac0 DEOPT UNPACKING pc=0x000001abec0b5ba3 sp=0x0000009276efc398 mode 2
Event: 13.873 Thread 0x000001ab860df9d0 Uncommon trap: trap_request=0xffffff45 fr.pc=0x000001abf3e3d438 relative=0x0000000000000038
Event: 13.873 Thread 0x000001ab860df9d0 Uncommon trap: reason=unstable_if action=reinterpret pc=0x000001abf3e3d438 method=java.util.IdentityHashMap.maskNull(Ljava/lang/Object;)Ljava/lang/Object; @ 1 c2
Event: 13.873 Thread 0x000001ab860df9d0 DEOPT PACKING pc=0x000001abf3e3d438 sp=0x0000009277ffdbf0
Event: 13.873 Thread 0x000001ab860df9d0 DEOPT UNPACKING pc=0x000001abec0b5ba3 sp=0x0000009277ffdb90 mode 2
Event: 13.988 Thread 0x000001ab81decac0 DEOPT PACKING pc=0x000001abed16a446 sp=0x0000009276efe230
Event: 13.988 Thread 0x000001ab81decac0 DEOPT UNPACKING pc=0x000001abec0b66e3 sp=0x0000009276efd708 mode 0
Event: 13.991 Thread 0x000001ab81decac0 Uncommon trap: trap_request=0xffffff45 fr.pc=0x000001abf3e589c4 relative=0x0000000000000844
Event: 13.991 Thread 0x000001ab81decac0 Uncommon trap: reason=unstable_if action=reinterpret pc=0x000001abf3e589c4 method=org.springframework.beans.factory.support.AbstractBeanFactory.isTypeMatch(Ljava/lang/String;Lorg/springframework/core/ResolvableType;Z)Z @ 719 c2
Event: 13.991 Thread 0x000001ab81decac0 DEOPT PACKING pc=0x000001abf3e589c4 sp=0x0000009276efdf40
Event: 13.991 Thread 0x000001ab81decac0 DEOPT UNPACKING pc=0x000001abec0b5ba3 sp=0x0000009276efdef0 mode 2

Classes unloaded (0 events):
No events

Classes redefined (0 events):
No events

Internal exceptions (20 events):
Event: 9.095 Thread 0x000001ab81decac0 Exception <a 'java/lang/IncompatibleClassChangeError'{0x00000000c750add0}: Found class java.lang.Object, but interface was expected> (0x00000000c750add0) 
thrown [s\open\src\hotspot\share\interpreter\linkResolver.cpp, line 826]
Event: 9.552 Thread 0x000001ab81decac0 Exception <a 'java/lang/reflect/InvocationTargetException'{0x00000000c81dc918}> (0x00000000c81dc918) 
thrown [s\open\src\hotspot\share\runtime\reflection.cpp, line 1121]
Event: 10.195 Thread 0x000001ab81decac0 Exception <a 'java/lang/NoSuchMethodError'{0x00000000c83ca460}: 'java.lang.Object java.lang.invoke.Invokers$Holder.invoker(java.lang.Object, java.lang.Object, java.lang.Object, java.lang.Object)'> (0x00000000c83ca460) 
thrown [s\open\src\hotspot\share\interpreter\linkResolver.cpp, line 759]
Event: 10.210 Thread 0x000001ab81decac0 Exception <a 'java/lang/NoSuchMethodError'{0x00000000c83d3990}: 'int java.lang.invoke.DirectMethodHandle$Holder.invokeStatic(java.lang.Object, java.lang.Object, int)'> (0x00000000c83d3990) 
thrown [s\open\src\hotspot\share\interpreter\linkResolver.cpp, line 759]
Event: 10.210 Thread 0x000001ab81decac0 Exception <a 'java/lang/NoSuchMethodError'{0x00000000c83d7728}: 'int java.lang.invoke.DirectMethodHandle$Holder.invokeSpecial(java.lang.Object, java.lang.Object, java.lang.Object, int)'> (0x00000000c83d7728) 
thrown [s\open\src\hotspot\share\interpreter\linkResolver.cpp, line 759]
Event: 10.217 Thread 0x000001ab81decac0 Exception <a 'java/lang/NoSuchMethodError'{0x00000000c83e9b98}: 'java.lang.Object java.lang.invoke.DirectMethodHandle$Holder.invokeStatic(java.lang.Object, java.lang.Object, java.lang.Object, java.lang.Object, int)'> (0x00000000c83e9b98) 
thrown [s\open\src\hotspot\share\interpreter\linkResolver.cpp, line 759]
Event: 10.223 Thread 0x000001ab81decac0 Exception <a 'java/lang/NoSuchMethodError'{0x00000000c8200b28}: 'void java.lang.invoke.DelegatingMethodHandle$Holder.reinvoke_L(java.lang.Object, java.lang.Object, int)'> (0x00000000c8200b28) 
thrown [s\open\src\hotspot\share\interpreter\linkResolver.cpp, line 759]
Event: 10.225 Thread 0x000001ab81decac0 Exception <a 'java/lang/NoSuchMethodError'{0x00000000c820e9e0}: 'java.lang.Object java.lang.invoke.Invokers$Holder.invokeExact_MT(java.lang.Object, java.lang.Object, java.lang.Object, java.lang.Object)'> (0x00000000c820e9e0) 
thrown [s\open\src\hotspot\share\interpreter\linkResolver.cpp, line 759]
Event: 11.540 Thread 0x000001ab81decac0 Exception <a 'sun/nio/fs/WindowsException'{0x00000000c82b78d8}> (0x00000000c82b78d8) 
thrown [s\open\src\hotspot\share\prims\jni.cpp, line 516]
Event: 11.617 Thread 0x000001ab81decac0 Exception <a 'java/lang/IncompatibleClassChangeError'{0x00000000c7e5daa0}: Found class java.lang.Object, but interface was expected> (0x00000000c7e5daa0) 
thrown [s\open\src\hotspot\share\interpreter\linkResolver.cpp, line 826]
Event: 11.678 Thread 0x000001ab81decac0 Exception <a 'java/lang/NoSuchMethodError'{0x00000000c7c32708}: 'void java.lang.invoke.DirectMethodHandle$Holder.invokeVirtual(java.lang.Object, java.lang.Object, long)'> (0x00000000c7c32708) 
thrown [s\open\src\hotspot\share\interpreter\linkResolver.cpp, line 759]
Event: 11.896 Thread 0x000001ab81decac0 Exception <a 'java/lang/IncompatibleClassChangeError'{0x00000000c88f1610}: Found class java.lang.Object, but interface was expected> (0x00000000c88f1610) 
thrown [s\open\src\hotspot\share\interpreter\linkResolver.cpp, line 826]
Event: 11.906 Thread 0x000001ab81decac0 Implicit null exception at 0x000001abf3c9f6ba to 0x000001abf3c9f8b0
Event: 12.097 Thread 0x000001ab81decac0 Exception <a 'java/net/BindException'{0x00000000c804d090}: Address already in use: bind> (0x00000000c804d090) 
thrown [s\open\src\hotspot\share\prims\jni.cpp, line 535]
Event: 12.097 Thread 0x000001ab81decac0 Exception <a 'java/net/SocketException'{0x00000000c804d778}: Socket is not connected: shutdown> (0x00000000c804d778) 
thrown [s\open\src\hotspot\share\prims\jni.cpp, line 535]
Event: 12.322 Thread 0x000001ab81decac0 Implicit null exception at 0x000001abf3bd0e6c to 0x000001abf3bd0f14
Event: 12.322 Thread 0x000001ab81decac0 Implicit null exception at 0x000001abf3bd0e6c to 0x000001abf3bd0f14
Event: 12.702 Thread 0x000001ab81decac0 Exception <a 'java/lang/NoSuchMethodError'{0x00000000c846e0a0}: 'java.lang.Object java.lang.invoke.DirectMethodHandle$Holder.newInvokeSpecial(java.lang.Object, java.lang.Object, int, java.lang.Object, java.lang.Object)'> (0x00000000c846e0a0) 
thrown [s\open\src\hotspot\share\interpreter\linkResolver.cpp, line 759]
Event: 12.759 Thread 0x000001ab81decac0 Exception <a 'java/lang/NoSuchMethodError'{0x00000000c83e2b80}: 'double java.lang.invoke.DirectMethodHandle$Holder.invokeVirtual(java.lang.Object, java.lang.Object)'> (0x00000000c83e2b80) 
thrown [s\open\src\hotspot\share\interpreter\linkResolver.cpp, line 759]
Event: 13.187 Thread 0x000001ab81decac0 Implicit null exception at 0x000001abf3c1c8d4 to 0x000001abf3c1cdb4

VM Operations (20 events):
Event: 12.512 Executing VM operation: G1CollectForAllocation
Event: 12.519 Executing VM operation: G1CollectForAllocation done
Event: 12.700 Executing VM operation: HandshakeAllThreads
Event: 12.700 Executing VM operation: HandshakeAllThreads done
Event: 12.898 Executing VM operation: G1CollectForAllocation
Event: 12.904 Executing VM operation: G1CollectForAllocation done
Event: 12.945 Executing VM operation: G1Concurrent
Event: 12.952 Executing VM operation: G1Concurrent done
Event: 12.975 Executing VM operation: G1Concurrent
Event: 12.975 Executing VM operation: G1Concurrent done
Event: 13.166 Executing VM operation: HandshakeAllThreads
Event: 13.166 Executing VM operation: HandshakeAllThreads done
Event: 13.370 Executing VM operation: HandshakeAllThreads
Event: 13.370 Executing VM operation: HandshakeAllThreads done
Event: 13.754 Executing VM operation: G1CollectForAllocation
Event: 13.759 Executing VM operation: G1CollectForAllocation done
Event: 13.824 Executing VM operation: G1CollectForAllocation
Event: 13.827 Executing VM operation: G1CollectForAllocation done
Event: 14.827 Executing VM operation: Cleanup
Event: 14.827 Executing VM operation: Cleanup done

Events (20 events):
Event: 14.011 loading class java/beans/WeakIdentityMap$Entry done
Event: 14.011 loading class com/sun/beans/introspect/ClassInfo
Event: 14.012 loading class com/sun/beans/introspect/ClassInfo done
Event: 14.012 loading class com/sun/beans/introspect/ClassInfo$1
Event: 14.012 loading class com/sun/beans/util/Cache
Event: 14.012 loading class com/sun/beans/util/Cache done
Event: 14.012 loading class com/sun/beans/introspect/ClassInfo$1 done
Event: 14.012 loading class com/sun/beans/util/Cache$Kind
Event: 14.013 loading class com/sun/beans/util/Cache$Kind done
Event: 14.013 loading class com/sun/beans/util/Cache$Kind$1
Event: 14.014 loading class com/sun/beans/util/Cache$Kind$1 done
Event: 14.014 loading class com/sun/beans/util/Cache$Kind$2
Event: 14.014 loading class com/sun/beans/util/Cache$Kind$2 done
Event: 14.014 loading class com/sun/beans/util/Cache$Kind$3
Event: 14.014 loading class com/sun/beans/util/Cache$Kind$3 done
Event: 14.014 loading class com/sun/beans/util/Cache$CacheEntry
Event: 14.014 loading class com/sun/beans/util/Cache$CacheEntry done
Event: 14.016 Thread 0x000001ab81deb9c0 Thread exited: 0x000001ab81deb9c0
Event: 14.018 Thread 0x000001abe2f7dfa0 Thread exited: 0x000001abe2f7dfa0
Event: 14.019 Thread 0x000001ab87eff2c0 Thread added: 0x000001ab87eff2c0


Dynamic libraries:
0x00007ff6dcd50000 - 0x00007ff6dcd60000 	C:\Program Files\Java\jdk-17.0.5\bin\javaw.exe
0x00007ffabfb30000 - 0x00007ffabfd47000 	C:\WINDOWS\SYSTEM32\ntdll.dll
0x00007ffabe480000 - 0x00007ffabe544000 	C:\WINDOWS\System32\KERNEL32.DLL
0x00007ffabcfa0000 - 0x00007ffabd34d000 	C:\WINDOWS\System32\KERNELBASE.dll
0x00007ffabce80000 - 0x00007ffabcf91000 	C:\WINDOWS\System32\ucrtbase.dll
0x00007ffaa2130000 - 0x00007ffaa214a000 	C:\Program Files\Java\jdk-17.0.5\bin\VCRUNTIME140.dll
0x00007ffa92690000 - 0x00007ffa926a8000 	C:\Program Files\Java\jdk-17.0.5\bin\jli.dll
0x00007ffabda10000 - 0x00007ffabdac2000 	C:\WINDOWS\System32\ADVAPI32.dll
0x00007ffabec00000 - 0x00007ffabeca7000 	C:\WINDOWS\System32\msvcrt.dll
0x00007ffabddd0000 - 0x00007ffabde79000 	C:\WINDOWS\System32\sechost.dll
0x00007ffabd350000 - 0x00007ffabd378000 	C:\WINDOWS\System32\bcrypt.dll
0x00007ffabf9a0000 - 0x00007ffabfab4000 	C:\WINDOWS\System32\RPCRT4.dll
0x00007ffabd860000 - 0x00007ffabda0e000 	C:\WINDOWS\System32\USER32.dll
0x00007ffaa4800000 - 0x00007ffaa4a93000 	C:\WINDOWS\WinSxS\amd64_microsoft.windows.common-controls_6595b64144ccf1df_6.0.22621.3672_none_2713b9d173822955\COMCTL32.dll
0x00007ffabce50000 - 0x00007ffabce76000 	C:\WINDOWS\System32\win32u.dll
0x00007ffabe450000 - 0x00007ffabe479000 	C:\WINDOWS\System32\GDI32.dll
0x00007ffabd380000 - 0x00007ffabd499000 	C:\WINDOWS\System32\gdi32full.dll
0x00007ffabd700000 - 0x00007ffabd79a000 	C:\WINDOWS\System32\msvcp_win.dll
0x00007ffaae350000 - 0x00007ffaae35a000 	C:\WINDOWS\SYSTEM32\VERSION.dll
0x00007ffabdad0000 - 0x00007ffabdb01000 	C:\WINDOWS\System32\IMM32.DLL
0x00007ffaabe00000 - 0x00007ffaabe0c000 	C:\Program Files\Java\jdk-17.0.5\bin\vcruntime140_1.dll
0x00007ffa60290000 - 0x00007ffa6031d000 	C:\Program Files\Java\jdk-17.0.5\bin\msvcp140.dll
0x00007ffa5ee10000 - 0x00007ffa5f9d2000 	C:\Program Files\Java\jdk-17.0.5\bin\server\jvm.dll
0x00007ffa9b920000 - 0x00007ffa9b929000 	C:\WINDOWS\SYSTEM32\WSOCK32.dll
0x00007ffabea20000 - 0x00007ffabea28000 	C:\WINDOWS\System32\PSAPI.DLL
0x00007ffabdb10000 - 0x00007ffabdb81000 	C:\WINDOWS\System32\WS2_32.dll
0x00007ffaaead0000 - 0x00007ffaaeb04000 	C:\WINDOWS\SYSTEM32\WINMM.dll
0x00007ffabbe80000 - 0x00007ffabbe98000 	C:\WINDOWS\SYSTEM32\kernel.appcore.dll
0x00007ffaab500000 - 0x00007ffaab50a000 	C:\Program Files\Java\jdk-17.0.5\bin\jimage.dll
0x00007ffaba5a0000 - 0x00007ffaba7d2000 	C:\WINDOWS\SYSTEM32\DBGHELP.DLL
0x00007ffabde80000 - 0x00007ffabe20d000 	C:\WINDOWS\System32\combase.dll
0x00007ffabecb0000 - 0x00007ffabed87000 	C:\WINDOWS\System32\OLEAUT32.dll
0x00007ffa9eeb0000 - 0x00007ffa9eee2000 	C:\WINDOWS\SYSTEM32\dbgcore.DLL
0x00007ffabd610000 - 0x00007ffabd68b000 	C:\WINDOWS\System32\bcryptPrimitives.dll
0x00007ffa7e5d0000 - 0x00007ffa7e5f5000 	C:\Program Files\Java\jdk-17.0.5\bin\java.dll
0x00007ffa601b0000 - 0x00007ffa60286000 	C:\Program Files\Java\jdk-17.0.5\bin\jsvml.dll
0x00007ffabef90000 - 0x00007ffabf7f8000 	C:\WINDOWS\System32\SHELL32.dll
0x00007ffabada0000 - 0x00007ffabb69e000 	C:\WINDOWS\SYSTEM32\windows.storage.dll
0x00007ffabac60000 - 0x00007ffabad9f000 	C:\WINDOWS\SYSTEM32\wintypes.dll
0x00007ffabee90000 - 0x00007ffabef89000 	C:\WINDOWS\System32\SHCORE.dll
0x00007ffabf800000 - 0x00007ffabf85e000 	C:\WINDOWS\System32\shlwapi.dll
0x00007ffabcd80000 - 0x00007ffabcda1000 	C:\WINDOWS\SYSTEM32\profapi.dll
0x00007ffa7cad0000 - 0x00007ffa7cae9000 	C:\Program Files\Java\jdk-17.0.5\bin\net.dll
0x00007ffab23f0000 - 0x00007ffab2526000 	C:\WINDOWS\SYSTEM32\WINHTTP.dll
0x00007ffabc2f0000 - 0x00007ffabc359000 	C:\WINDOWS\system32\mswsock.dll
0x00007ffa76e20000 - 0x00007ffa76e36000 	C:\Program Files\Java\jdk-17.0.5\bin\nio.dll
0x00007ffa7ced0000 - 0x00007ffa7cee8000 	C:\Program Files\Java\jdk-17.0.5\bin\zip.dll
0x00007ffab4170000 - 0x00007ffab4179000 	C:\Program Files\Java\jdk-17.0.5\bin\management.dll
0x00007ffaae330000 - 0x00007ffaae33b000 	C:\Program Files\Java\jdk-17.0.5\bin\management_ext.dll
0x00007ffabb8f0000 - 0x00007ffabb91d000 	C:\WINDOWS\SYSTEM32\IPHLPAPI.DLL
0x00007ffabea90000 - 0x00007ffabea99000 	C:\WINDOWS\System32\NSI.dll
0x00007ffab1f20000 - 0x00007ffab1f39000 	C:\WINDOWS\SYSTEM32\dhcpcsvc6.DLL
0x00007ffab1f00000 - 0x00007ffab1f1f000 	C:\WINDOWS\SYSTEM32\dhcpcsvc.DLL
0x00007ffabb920000 - 0x00007ffabba18000 	C:\WINDOWS\SYSTEM32\DNSAPI.dll
0x00007ffab0c20000 - 0x00007ffab0c2a000 	C:\Windows\System32\rasadhlp.dll
0x00007ffaae790000 - 0x00007ffaae813000 	C:\WINDOWS\System32\fwpuclnt.dll
0x00007ffaab2f0000 - 0x00007ffaab2fe000 	C:\Program Files\Java\jdk-17.0.5\bin\sunmscapi.dll
0x00007ffabd4a0000 - 0x00007ffabd607000 	C:\WINDOWS\System32\CRYPT32.dll
0x00007ffabc710000 - 0x00007ffabc73e000 	C:\WINDOWS\SYSTEM32\ncrypt.dll
0x00007ffabc6d0000 - 0x00007ffabc707000 	C:\WINDOWS\SYSTEM32\NTASN1.dll
0x00007ffabc550000 - 0x00007ffabc56b000 	C:\WINDOWS\SYSTEM32\CRYPTSP.dll
0x00007ffabbde0000 - 0x00007ffabbe15000 	C:\WINDOWS\system32\rsaenh.dll
0x00007ffabc3f0000 - 0x00007ffabc418000 	C:\WINDOWS\SYSTEM32\USERENV.dll
0x00007ffabc570000 - 0x00007ffabc57c000 	C:\WINDOWS\SYSTEM32\CRYPTBASE.dll
0x00007ffaab0f0000 - 0x00007ffaab100000 	C:\Program Files\Java\jdk-17.0.5\bin\verify.dll
0x00007ffa7fe90000 - 0x00007ffa7fe98000 	C:\WINDOWS\system32\wshunix.dll

dbghelp: loaded successfully - version: 4.0.5 - missing functions: none
symbol engine: initialized successfully - sym options: 0x614 - pdb path: .;C:\Program Files\Java\jdk-17.0.5\bin;C:\WINDOWS\SYSTEM32;C:\WINDOWS\WinSxS\amd64_microsoft.windows.common-controls_6595b64144ccf1df_6.0.22621.3672_none_2713b9d173822955;C:\Program Files\Java\jdk-17.0.5\bin\server

VM Arguments:
jvm_args: -Dfile.encoding=UTF-8 -XX:+ShowCodeDetailsInExceptionMessages 
java_command: com.app.BookingManagementMicroserviceApplication
java_class_path (initial): C:\Users\gousi\Downloads\Online_salon_service_application\Online_salon_service_application - Copy\BookingService\BookingService\target\classes;C:\Users\gousi\.m2\repository\org\springdoc\springdoc-openapi-starter-webmvc-ui\2.6.0\springdoc-openapi-starter-webmvc-ui-2.6.0.jar;C:\Users\gousi\.m2\repository\org\springdoc\springdoc-openapi-starter-webmvc-api\2.6.0\springdoc-openapi-starter-webmvc-api-2.6.0.jar;C:\Users\gousi\.m2\repository\org\springdoc\springdoc-openapi-starter-common\2.6.0\springdoc-openapi-starter-common-2.6.0.jar;C:\Users\gousi\.m2\repository\io\swagger\core\v3\swagger-core-jakarta\2.2.22\swagger-core-jakarta-2.2.22.jar;C:\Users\gousi\.m2\repository\org\apache\commons\commons-lang3\3.14.0\commons-lang3-3.14.0.jar;C:\Users\gousi\.m2\repository\io\swagger\core\v3\swagger-annotations-jakarta\2.2.22\swagger-annotations-jakarta-2.2.22.jar;C:\Users\gousi\.m2\repository\io\swagger\core\v3\swagger-models-jakarta\2.2.22\swagger-models-jakarta-2.2.22.jar;C:\Users\gousi\.m2\repository\jakarta\validation\jakarta.validation-api\3.0.2\jakarta.validation-api-3.0.2.jar;C:\Users\gousi\.m2\repository\com\fasterxml\jackson\dataformat\jackson-dataformat-yaml\2.17.2\jackson-dataformat-yaml-2.17.2.jar;C:\Users\gousi\.m2\repository\org\webjars\swagger-ui\5.17.14\swagger-ui-5.17.14.jar;C:\Users\gousi\.m2\repository\org\springframework\cloud\spring-cloud-starter-netflix-eureka-client\4.1.3\spring-cloud-starter-netflix-eureka-client-4.1.3.jar;C:\Users\gousi\.m2\repository\org\springframework\cloud\spring-cloud-starter\4.1.4\spring-cloud-starter-4.1.4.jar;C:\Users\gousi\.m2\repository\org\springframework\cloud\spring-cloud-context\4.1.4\spring-cloud-context-4.1.4.jar;C:\Users\gousi\.m2\repository\org\springframework\security\spring-security-rsa\1.1.3\spring-security-rsa-1.1.3.jar;C:\Users\gousi\.m2\repository\org\bouncycastle\bcprov-jdk18on\1.78\bcprov-jdk18on-1.78.jar;C:\Users\gousi\.m2\repository\org\springframework\cloud\spring-cloud-netflix-eur
Launcher Type: SUN_STANDARD

[Global flags]
     intx CICompilerCount                          = 4                                         {product} {ergonomic}
     uint ConcGCThreads                            = 2                                         {product} {ergonomic}
     uint G1ConcRefinementThreads                  = 8                                         {product} {ergonomic}
   size_t G1HeapRegionSize                         = 1048576                                   {product} {ergonomic}
    uintx GCDrainStackTargetSize                   = 64                                        {product} {ergonomic}
   size_t InitialHeapSize                          = 62914560                                  {product} {ergonomic}
   size_t MarkStackSize                            = 4194304                                   {product} {ergonomic}
   size_t MaxHeapSize                              = 1002438656                                {product} {ergonomic}
   size_t MaxNewSize                               = 600834048                                 {product} {ergonomic}
   size_t MinHeapDeltaBytes                        = 1048576                                   {product} {ergonomic}
   size_t MinHeapSize                              = 8388608                                   {product} {ergonomic}
    uintx NonNMethodCodeHeapSize                   = 5839372                                {pd product} {ergonomic}
    uintx NonProfiledCodeHeapSize                  = 122909434                              {pd product} {ergonomic}
    uintx ProfiledCodeHeapSize                     = 122909434                              {pd product} {ergonomic}
    uintx ReservedCodeCacheSize                    = 251658240                              {pd product} {ergonomic}
     bool SegmentedCodeCache                       = true                                      {product} {ergonomic}
     bool ShowCodeDetailsInExceptionMessages       = true                                   {manageable} {command line}
   size_t SoftMaxHeapSize                          = 1002438656                             {manageable} {ergonomic}
     bool UseCompressedClassPointers               = true                           {product lp64_product} {ergonomic}
     bool UseCompressedOops                        = true                           {product lp64_product} {ergonomic}
     bool UseG1GC                                  = true                                      {product} {ergonomic}
     bool UseLargePagesIndividualAllocation        = false                                  {pd product} {ergonomic}

Logging:
Log output configuration:
 #0: stdout all=warning uptime,level,tags
 #1: stderr all=off uptime,level,tags

Environment Variables:
PATH=C:\oraclexe\app\oracle\product\11.2.0\server\bin;C:\Program Files\Common Files\Oracle\Java\javapath;C:\Program Files\Java\jdk-17.0.5\bin;C:\Program Files\dotnet\;C:\WINDOWS\system32;C:\WINDOWS;C:\WINDOWS\System32\Wbem;C:\WINDOWS\System32\WindowsPowerShell\v1.0\;C:\WINDOWS\System32\OpenSSH\;C:\Program Files\Git\cmd;C:\Program Files\nodejs\;C:\Users\gousi\AppData\Local\Microsoft\WindowsApps;C:\Users\gousi\AppData\Roaming\npm;C:\Users\gousi\AppData\Local\Programs\Microsoft VS Code\bin
USERNAME=gousi
OS=Windows_NT
PROCESSOR_IDENTIFIER=Intel64 Family 6 Model 140 Stepping 1, GenuineIntel



---------------  S Y S T E M  ---------------

OS:
 Windows 11 , 64 bit Build 22621 (10.0.22621.3958)
OS uptime: 3 days 14:52 hours

CPU: total 8 (initial active 8) (4 cores per cpu, 2 threads per core) family 6 model 140 stepping 1 microcode 0xb4, cx8, cmov, fxsr, ht, mmx, 3dnowpref, sse, sse2, sse3, ssse3, sse4.1, sse4.2, popcnt, lzcnt, tsc, tscinvbit, avx, avx2, aes, erms, clmul, bmi1, bmi2, adx, avx512f, avx512dq, avx512cd, avx512bw, avx512vl, sha, fma, vzeroupper, avx512_vpopcntdq, avx512_vpclmulqdq, avx512_vaes, avx512_vnni, clflush, clflushopt, clwb, avx512_vbmi2, avx512_vbmi

Memory: 4k page, system-wide physical 3818M (13M free)
TotalPageFile size 15594M (AvailPageFile size 4M)
current process WorkingSet (physical memory assigned to process): 232M, peak: 237M
current process commit charge ("private bytes"): 324M, peak: 328M

vm_info: Java HotSpot(TM) 64-Bit Server VM (17.0.5+9-LTS-191) for windows-amd64 JRE (17.0.5+9-LTS-191), built on Sep 13 2022 17:31:43 by "mach5one" with MS VC++ 16.8 / 16.9 (VS2019)

END.
